This file contains any messages produced by compilers while
running configure, to aid debugging if configure makes a mistake.

It was created by yasm configure 1.2.0, which was
generated by GNU Autoconf 2.69.  Invocation command line was

  $ ./configure 

## --------- ##
## Platform. ##
## --------- ##

hostname = kwinn
uname -m = x86_64
uname -r = 15.3.0
uname -s = Darwin
uname -v = Darwin Kernel Version 15.3.0: Thu Dec 10 18:40:58 PST 2015; root:xnu-3248.30.4~1/RELEASE_X86_64

/usr/bin/uname -p = i386
/bin/uname -X     = unknown

/bin/arch              = unknown
/usr/bin/arch -k       = unknown
/usr/convex/getsysinfo = unknown
/usr/bin/hostinfo      = Mach kernel version:
	 Darwin Kernel Version 15.3.0: Thu Dec 10 18:40:58 PST 2015; root:xnu-3248.30.4~1/RELEASE_X86_64
Kernel configured for up to 8 processors.
4 processors are physically available.
8 processors are logically available.
Processor type: i486 (Intel 80486)
Processors active: 0 1 2 3 4 5 6 7
Primary memory available: 16.00 gigabytes
Default processor set: 311 tasks, 1562 threads, 8 processors
Load average: 3.01, Mach factor: 4.98
/bin/machine           = unknown
/usr/bin/oslevel       = unknown
/bin/universe          = unknown

PATH: /usr/local/bin
PATH: /usr/bin
PATH: /bin
PATH: /usr/sbin
PATH: /sbin
PATH: /Library/TeX/texbin


## ----------- ##
## Core tests. ##
## ----------- ##

configure:2525: checking for a BSD-compatible install
configure:2593: result: /usr/bin/install -c
configure:2604: checking whether build environment is sane
configure:2654: result: yes
configure:2795: checking for a thread-safe mkdir -p
configure:2834: result: config/install-sh -c -d
configure:2847: checking for gawk
configure:2877: result: no
configure:2847: checking for mawk
configure:2877: result: no
configure:2847: checking for nawk
configure:2877: result: no
configure:2847: checking for awk
configure:2863: found /usr/bin/awk
configure:2874: result: awk
configure:2885: checking whether make sets $(MAKE)
configure:2907: result: yes
configure:2988: checking whether to enable maintainer-specific portions of Makefiles
configure:2997: result: no
configure:3093: checking for style of include used by make
configure:3121: result: GNU
configure:3192: checking for gcc
configure:3208: found /usr/bin/gcc
configure:3219: result: gcc
configure:3448: checking for C compiler version
configure:3457: gcc --version >&5
Apple LLVM version 7.3.0 (clang-703.0.29)
Target: x86_64-apple-darwin15.3.0
Thread model: posix
InstalledDir: /Applications/Xcode.app/Contents/Developer/Toolchains/XcodeDefault.xctoolchain/usr/bin
Configured with: --prefix=/Applications/Xcode.app/Contents/Developer/usr --with-gxx-include-dir=/usr/include/c++/4.2.1
configure:3468: $? = 0
configure:3457: gcc -v >&5
Configured with: --prefix=/Applications/Xcode.app/Contents/Developer/usr --with-gxx-include-dir=/usr/include/c++/4.2.1
Apple LLVM version 7.3.0 (clang-703.0.29)
Target: x86_64-apple-darwin15.3.0
Thread model: posix
InstalledDir: /Applications/Xcode.app/Contents/Developer/Toolchains/XcodeDefault.xctoolchain/usr/bin
configure:3468: $? = 0
configure:3457: gcc -V >&5
clang: error: argument to '-V' is missing (expected 1 value)
clang: error: no input files
configure:3468: $? = 1
configure:3457: gcc -qversion >&5
clang: error: unknown argument: '-qversion'
clang: error: no input files
configure:3468: $? = 1
configure:3488: checking whether the C compiler works
configure:3510: gcc    conftest.c  >&5
configure:3514: $? = 0
configure:3562: result: yes
configure:3565: checking for C compiler default output file name
configure:3567: result: a.out
configure:3573: checking for suffix of executables
configure:3580: gcc -o conftest    conftest.c  >&5
configure:3584: $? = 0
configure:3606: result: 
configure:3628: checking whether we are cross compiling
configure:3636: gcc -o conftest    conftest.c  >&5
configure:3640: $? = 0
configure:3647: ./conftest
configure:3651: $? = 0
configure:3666: result: no
configure:3671: checking for suffix of object files
configure:3693: gcc -c   conftest.c >&5
configure:3697: $? = 0
configure:3718: result: o
configure:3722: checking whether we are using the GNU C compiler
configure:3741: gcc -c   conftest.c >&5
configure:3741: $? = 0
configure:3750: result: yes
configure:3759: checking whether gcc accepts -g
configure:3779: gcc -c -g  conftest.c >&5
configure:3779: $? = 0
configure:3820: result: yes
configure:3837: checking for gcc option to accept ISO C89
configure:3900: gcc  -c -g -O2  conftest.c >&5
configure:3900: $? = 0
configure:3913: result: none needed
configure:3935: checking dependency style of gcc
configure:4046: result: gcc3
configure:4066: checking how to run the C preprocessor
configure:4097: gcc -E  conftest.c
configure:4097: $? = 0
configure:4111: gcc -E  conftest.c
conftest.c:11:10: fatal error: 'ac_nonexistent.h' file not found
#include <ac_nonexistent.h>
         ^
1 error generated.
configure:4111: $? = 1
configure: failed program was:
| /* confdefs.h */
| #define PACKAGE_NAME "yasm"
| #define PACKAGE_TARNAME "yasm"
| #define PACKAGE_VERSION "1.2.0"
| #define PACKAGE_STRING "yasm 1.2.0"
| #define PACKAGE_BUGREPORT "bug-yasm@tortall.net"
| #define PACKAGE_URL ""
| #define PACKAGE "yasm"
| #define VERSION "1.2.0"
| /* end confdefs.h.  */
| #include <ac_nonexistent.h>
configure:4136: result: gcc -E
configure:4156: gcc -E  conftest.c
configure:4156: $? = 0
configure:4170: gcc -E  conftest.c
conftest.c:11:10: fatal error: 'ac_nonexistent.h' file not found
#include <ac_nonexistent.h>
         ^
1 error generated.
configure:4170: $? = 1
configure: failed program was:
| /* confdefs.h */
| #define PACKAGE_NAME "yasm"
| #define PACKAGE_TARNAME "yasm"
| #define PACKAGE_VERSION "1.2.0"
| #define PACKAGE_STRING "yasm 1.2.0"
| #define PACKAGE_BUGREPORT "bug-yasm@tortall.net"
| #define PACKAGE_URL ""
| #define PACKAGE "yasm"
| #define VERSION "1.2.0"
| /* end confdefs.h.  */
| #include <ac_nonexistent.h>
configure:4202: checking for gcc option to accept ISO C99
configure:4351: gcc  -c -g -O2  conftest.c >&5
configure:4351: $? = 0
configure:4364: result: none needed
configure:4472: checking for gcc option to accept ISO Standard C
configure:4483: result: none needed
configure:4491: checking whether ln -s works
configure:4495: result: yes
configure:4552: checking for ar
configure:4568: found /usr/bin/ar
configure:4579: result: ar
configure:4646: checking for ranlib
configure:4662: found /usr/bin/ranlib
configure:4673: result: ranlib
configure:4706: checking for xmlto
configure:4736: result: no
configure:4746: WARNING: xmlto not found, manpages will not be rebuilt.
configure:4765: checking if malloc debugging is wanted
configure:4783: result: no
configure:4794: checking for grep that handles long lines and -e
configure:4852: result: /usr/bin/grep
configure:4857: checking for egrep
configure:4919: result: /usr/bin/grep -E
configure:4924: checking for ANSI C header files
configure:4944: gcc -c -g -O2  conftest.c >&5
configure:4944: $? = 0
configure:5017: gcc -o conftest -g -O2   conftest.c  >&5
configure:5017: $? = 0
configure:5017: ./conftest
configure:5017: $? = 0
configure:5028: result: yes
configure:5041: checking for sys/types.h
configure:5041: gcc -c -g -O2  conftest.c >&5
configure:5041: $? = 0
configure:5041: result: yes
configure:5041: checking for sys/stat.h
configure:5041: gcc -c -g -O2  conftest.c >&5
configure:5041: $? = 0
configure:5041: result: yes
configure:5041: checking for stdlib.h
configure:5041: gcc -c -g -O2  conftest.c >&5
configure:5041: $? = 0
configure:5041: result: yes
configure:5041: checking for string.h
configure:5041: gcc -c -g -O2  conftest.c >&5
configure:5041: $? = 0
configure:5041: result: yes
configure:5041: checking for memory.h
configure:5041: gcc -c -g -O2  conftest.c >&5
configure:5041: $? = 0
configure:5041: result: yes
configure:5041: checking for strings.h
configure:5041: gcc -c -g -O2  conftest.c >&5
configure:5041: $? = 0
configure:5041: result: yes
configure:5041: checking for inttypes.h
configure:5041: gcc -c -g -O2  conftest.c >&5
configure:5041: $? = 0
configure:5041: result: yes
configure:5041: checking for stdint.h
configure:5041: gcc -c -g -O2  conftest.c >&5
configure:5041: $? = 0
configure:5041: result: yes
configure:5041: checking for unistd.h
configure:5041: gcc -c -g -O2  conftest.c >&5
configure:5041: $? = 0
configure:5041: result: yes
configure:5056: checking for strings.h
configure:5056: result: yes
configure:5056: checking libgen.h usability
configure:5056: gcc -c -g -O2  conftest.c >&5
configure:5056: $? = 0
configure:5056: result: yes
configure:5056: checking libgen.h presence
configure:5056: gcc -E  conftest.c
configure:5056: $? = 0
configure:5056: result: yes
configure:5056: checking for libgen.h
configure:5056: result: yes
configure:5056: checking for unistd.h
configure:5056: result: yes
configure:5056: checking direct.h usability
configure:5056: gcc -c -g -O2  conftest.c >&5
conftest.c:57:10: fatal error: 'direct.h' file not found
#include <direct.h>
         ^
1 error generated.
configure:5056: $? = 1
configure: failed program was:
| /* confdefs.h */
| #define PACKAGE_NAME "yasm"
| #define PACKAGE_TARNAME "yasm"
| #define PACKAGE_VERSION "1.2.0"
| #define PACKAGE_STRING "yasm 1.2.0"
| #define PACKAGE_BUGREPORT "bug-yasm@tortall.net"
| #define PACKAGE_URL ""
| #define PACKAGE "yasm"
| #define VERSION "1.2.0"
| #define STDC_HEADERS 1
| #define HAVE_SYS_TYPES_H 1
| #define HAVE_SYS_STAT_H 1
| #define HAVE_STDLIB_H 1
| #define HAVE_STRING_H 1
| #define HAVE_MEMORY_H 1
| #define HAVE_STRINGS_H 1
| #define HAVE_INTTYPES_H 1
| #define HAVE_STDINT_H 1
| #define HAVE_UNISTD_H 1
| #define HAVE_STRINGS_H 1
| #define HAVE_LIBGEN_H 1
| #define HAVE_UNISTD_H 1
| /* end confdefs.h.  */
| #include <stdio.h>
| #ifdef HAVE_SYS_TYPES_H
| # include <sys/types.h>
| #endif
| #ifdef HAVE_SYS_STAT_H
| # include <sys/stat.h>
| #endif
| #ifdef STDC_HEADERS
| # include <stdlib.h>
| # include <stddef.h>
| #else
| # ifdef HAVE_STDLIB_H
| #  include <stdlib.h>
| # endif
| #endif
| #ifdef HAVE_STRING_H
| # if !defined STDC_HEADERS && defined HAVE_MEMORY_H
| #  include <memory.h>
| # endif
| # include <string.h>
| #endif
| #ifdef HAVE_STRINGS_H
| # include <strings.h>
| #endif
| #ifdef HAVE_INTTYPES_H
| # include <inttypes.h>
| #endif
| #ifdef HAVE_STDINT_H
| # include <stdint.h>
| #endif
| #ifdef HAVE_UNISTD_H
| # include <unistd.h>
| #endif
| #include <direct.h>
configure:5056: result: no
configure:5056: checking direct.h presence
configure:5056: gcc -E  conftest.c
conftest.c:24:10: fatal error: 'direct.h' file not found
#include <direct.h>
         ^
1 error generated.
configure:5056: $? = 1
configure: failed program was:
| /* confdefs.h */
| #define PACKAGE_NAME "yasm"
| #define PACKAGE_TARNAME "yasm"
| #define PACKAGE_VERSION "1.2.0"
| #define PACKAGE_STRING "yasm 1.2.0"
| #define PACKAGE_BUGREPORT "bug-yasm@tortall.net"
| #define PACKAGE_URL ""
| #define PACKAGE "yasm"
| #define VERSION "1.2.0"
| #define STDC_HEADERS 1
| #define HAVE_SYS_TYPES_H 1
| #define HAVE_SYS_STAT_H 1
| #define HAVE_STDLIB_H 1
| #define HAVE_STRING_H 1
| #define HAVE_MEMORY_H 1
| #define HAVE_STRINGS_H 1
| #define HAVE_INTTYPES_H 1
| #define HAVE_STDINT_H 1
| #define HAVE_UNISTD_H 1
| #define HAVE_STRINGS_H 1
| #define HAVE_LIBGEN_H 1
| #define HAVE_UNISTD_H 1
| /* end confdefs.h.  */
| #include <direct.h>
configure:5056: result: no
configure:5056: checking for direct.h
configure:5056: result: no
configure:5056: checking for sys/stat.h
configure:5056: result: yes
configure:5075: checking for an ANSI C-conforming const
configure:5141: gcc -c -g -O2  conftest.c >&5
configure:5141: $? = 0
configure:5148: result: yes
configure:5156: checking for inline
configure:5172: gcc -c -g -O2  conftest.c >&5
configure:5172: $? = 0
configure:5180: result: inline
configure:5198: checking for function prototypes
configure:5201: result: yes
configure:5214: checking for size_t
configure:5214: gcc -c -g -O2  conftest.c >&5
configure:5214: $? = 0
configure:5214: gcc -c -g -O2  conftest.c >&5
conftest.c:63:21: error: expected expression
if (sizeof ((size_t)))
                    ^
1 error generated.
configure:5214: $? = 1
configure: failed program was:
| /* confdefs.h */
| #define PACKAGE_NAME "yasm"
| #define PACKAGE_TARNAME "yasm"
| #define PACKAGE_VERSION "1.2.0"
| #define PACKAGE_STRING "yasm 1.2.0"
| #define PACKAGE_BUGREPORT "bug-yasm@tortall.net"
| #define PACKAGE_URL ""
| #define PACKAGE "yasm"
| #define VERSION "1.2.0"
| #define STDC_HEADERS 1
| #define HAVE_SYS_TYPES_H 1
| #define HAVE_SYS_STAT_H 1
| #define HAVE_STDLIB_H 1
| #define HAVE_STRING_H 1
| #define HAVE_MEMORY_H 1
| #define HAVE_STRINGS_H 1
| #define HAVE_INTTYPES_H 1
| #define HAVE_STDINT_H 1
| #define HAVE_UNISTD_H 1
| #define HAVE_STRINGS_H 1
| #define HAVE_LIBGEN_H 1
| #define HAVE_UNISTD_H 1
| #define HAVE_SYS_STAT_H 1
| #define PROTOTYPES 1
| #define __PROTOTYPES 1
| /* end confdefs.h.  */
| #include <stdio.h>
| #ifdef HAVE_SYS_TYPES_H
| # include <sys/types.h>
| #endif
| #ifdef HAVE_SYS_STAT_H
| # include <sys/stat.h>
| #endif
| #ifdef STDC_HEADERS
| # include <stdlib.h>
| # include <stddef.h>
| #else
| # ifdef HAVE_STDLIB_H
| #  include <stdlib.h>
| # endif
| #endif
| #ifdef HAVE_STRING_H
| # if !defined STDC_HEADERS && defined HAVE_MEMORY_H
| #  include <memory.h>
| # endif
| # include <string.h>
| #endif
| #ifdef HAVE_STRINGS_H
| # include <strings.h>
| #endif
| #ifdef HAVE_INTTYPES_H
| # include <inttypes.h>
| #endif
| #ifdef HAVE_STDINT_H
| # include <stdint.h>
| #endif
| #ifdef HAVE_UNISTD_H
| # include <unistd.h>
| #endif
| int
| main ()
| {
| if (sizeof ((size_t)))
| 	    return 0;
|   ;
|   return 0;
| }
configure:5214: result: yes
configure:5226: checking for stdint types
configure:5249: gcc -c   conftest.c >&5
configure:5249: $? = 0
configure:5274: result: stdint.h (shortcircuit)
configure:5654: result: make use of stdint.h in libyasm-stdint.h (assuming C99 compatible system)
configure:5668: checking for abort
configure:5668: gcc -o conftest -g -O2   conftest.c  >&5
conftest.c:50:6: warning: incompatible redeclaration of library function 'abort' [-Wincompatible-library-redeclaration]
char abort ();
     ^
conftest.c:50:6: note: 'abort' is a builtin with type 'void (void) __attribute__((noreturn))'
1 warning generated.
configure:5668: $? = 0
configure:5668: result: yes
configure:5668: checking for toascii
configure:5668: gcc -o conftest -g -O2   conftest.c  >&5
configure:5668: $? = 0
configure:5668: result: yes
configure:5668: checking for vsnprintf
configure:5668: gcc -o conftest -g -O2   conftest.c  >&5
conftest.c:52:6: warning: incompatible redeclaration of library function 'vsnprintf' [-Wincompatible-library-redeclaration]
char vsnprintf ();
     ^
conftest.c:52:6: note: 'vsnprintf' is a builtin with type 'int (char *, unsigned long, const char *, struct __va_list_tag *)'
1 warning generated.
configure:5668: $? = 0
configure:5668: result: yes
configure:5680: checking for strsep
configure:5680: gcc -o conftest -g -O2   conftest.c  >&5
configure:5680: $? = 0
configure:5680: result: yes
configure:5680: checking for mergesort
configure:5680: gcc -o conftest -g -O2   conftest.c  >&5
configure:5680: $? = 0
configure:5680: result: yes
configure:5680: checking for getcwd
configure:5680: gcc -o conftest -g -O2   conftest.c  >&5
configure:5680: $? = 0
configure:5680: result: yes
configure:5692: checking for popen
configure:5692: gcc -o conftest -g -O2   conftest.c  >&5
configure:5692: $? = 0
configure:5692: result: yes
configure:5692: checking for ftruncate
configure:5692: gcc -o conftest -g -O2   conftest.c  >&5
configure:5692: $? = 0
configure:5692: result: yes
configure:5705: checking for strcasecmp
configure:5705: gcc -o conftest -g -O2   conftest.c  >&5
conftest.c:58:6: warning: incompatible redeclaration of library function 'strcasecmp' [-Wincompatible-library-redeclaration]
char strcasecmp ();
     ^
conftest.c:58:6: note: 'strcasecmp' is a builtin with type 'int (const char *, const char *)'
1 warning generated.
configure:5705: $? = 0
configure:5705: result: yes
configure:5705: checking for strncasecmp
configure:5705: gcc -o conftest -g -O2   conftest.c  >&5
conftest.c:59:6: warning: incompatible redeclaration of library function 'strncasecmp' [-Wincompatible-library-redeclaration]
char strncasecmp ();
     ^
conftest.c:59:6: note: 'strncasecmp' is a builtin with type 'int (const char *, const char *, unsigned long)'
1 warning generated.
configure:5705: $? = 0
configure:5705: result: yes
configure:5705: checking for stricmp
configure:5705: gcc -o conftest -g -O2   conftest.c  >&5
Undefined symbols for architecture x86_64:
  "_stricmp", referenced from:
      _main in conftest-71e751.o
ld: symbol(s) not found for architecture x86_64
clang: error: linker command failed with exit code 1 (use -v to see invocation)
configure:5705: $? = 1
configure: failed program was:
| /* confdefs.h */
| #define PACKAGE_NAME "yasm"
| #define PACKAGE_TARNAME "yasm"
| #define PACKAGE_VERSION "1.2.0"
| #define PACKAGE_STRING "yasm 1.2.0"
| #define PACKAGE_BUGREPORT "bug-yasm@tortall.net"
| #define PACKAGE_URL ""
| #define PACKAGE "yasm"
| #define VERSION "1.2.0"
| #define STDC_HEADERS 1
| #define HAVE_SYS_TYPES_H 1
| #define HAVE_SYS_STAT_H 1
| #define HAVE_STDLIB_H 1
| #define HAVE_STRING_H 1
| #define HAVE_MEMORY_H 1
| #define HAVE_STRINGS_H 1
| #define HAVE_INTTYPES_H 1
| #define HAVE_STDINT_H 1
| #define HAVE_UNISTD_H 1
| #define HAVE_STRINGS_H 1
| #define HAVE_LIBGEN_H 1
| #define HAVE_UNISTD_H 1
| #define HAVE_SYS_STAT_H 1
| #define PROTOTYPES 1
| #define __PROTOTYPES 1
| #define HAVE_ABORT 1
| #define HAVE_TOASCII 1
| #define HAVE_VSNPRINTF 1
| #define HAVE_STRSEP 1
| #define HAVE_MERGESORT 1
| #define HAVE_GETCWD 1
| #define HAVE_POPEN 1
| #define HAVE_FTRUNCATE 1
| #define HAVE_STRCASECMP 1
| #define HAVE_STRNCASECMP 1
| /* end confdefs.h.  */
| /* Define stricmp to an innocuous variant, in case <limits.h> declares stricmp.
|    For example, HP-UX 11i <limits.h> declares gettimeofday.  */
| #define stricmp innocuous_stricmp
| 
| /* System header to define __stub macros and hopefully few prototypes,
|     which can conflict with char stricmp (); below.
|     Prefer <limits.h> to <assert.h> if __STDC__ is defined, since
|     <limits.h> exists even on freestanding compilers.  */
| 
| #ifdef __STDC__
| # include <limits.h>
| #else
| # include <assert.h>
| #endif
| 
| #undef stricmp
| 
| /* Override any GCC internal prototype to avoid an error.
|    Use char because int might match the return type of a GCC
|    builtin and then its argument prototype would still apply.  */
| #ifdef __cplusplus
| extern "C"
| #endif
| char stricmp ();
| /* The GNU C library defines this for functions which it implements
|     to always fail with ENOSYS.  Some functions are actually named
|     something starting with __ and the normal name is an alias.  */
| #if defined __stub_stricmp || defined __stub___stricmp
| choke me
| #endif
| 
| int
| main ()
| {
| return stricmp ();
|   ;
|   return 0;
| }
configure:5705: result: no
configure:5705: checking for _stricmp
configure:5705: gcc -o conftest -g -O2   conftest.c  >&5
Undefined symbols for architecture x86_64:
  "__stricmp", referenced from:
      _main in conftest-fbac51.o
ld: symbol(s) not found for architecture x86_64
clang: error: linker command failed with exit code 1 (use -v to see invocation)
configure:5705: $? = 1
configure: failed program was:
| /* confdefs.h */
| #define PACKAGE_NAME "yasm"
| #define PACKAGE_TARNAME "yasm"
| #define PACKAGE_VERSION "1.2.0"
| #define PACKAGE_STRING "yasm 1.2.0"
| #define PACKAGE_BUGREPORT "bug-yasm@tortall.net"
| #define PACKAGE_URL ""
| #define PACKAGE "yasm"
| #define VERSION "1.2.0"
| #define STDC_HEADERS 1
| #define HAVE_SYS_TYPES_H 1
| #define HAVE_SYS_STAT_H 1
| #define HAVE_STDLIB_H 1
| #define HAVE_STRING_H 1
| #define HAVE_MEMORY_H 1
| #define HAVE_STRINGS_H 1
| #define HAVE_INTTYPES_H 1
| #define HAVE_STDINT_H 1
| #define HAVE_UNISTD_H 1
| #define HAVE_STRINGS_H 1
| #define HAVE_LIBGEN_H 1
| #define HAVE_UNISTD_H 1
| #define HAVE_SYS_STAT_H 1
| #define PROTOTYPES 1
| #define __PROTOTYPES 1
| #define HAVE_ABORT 1
| #define HAVE_TOASCII 1
| #define HAVE_VSNPRINTF 1
| #define HAVE_STRSEP 1
| #define HAVE_MERGESORT 1
| #define HAVE_GETCWD 1
| #define HAVE_POPEN 1
| #define HAVE_FTRUNCATE 1
| #define HAVE_STRCASECMP 1
| #define HAVE_STRNCASECMP 1
| /* end confdefs.h.  */
| /* Define _stricmp to an innocuous variant, in case <limits.h> declares _stricmp.
|    For example, HP-UX 11i <limits.h> declares gettimeofday.  */
| #define _stricmp innocuous__stricmp
| 
| /* System header to define __stub macros and hopefully few prototypes,
|     which can conflict with char _stricmp (); below.
|     Prefer <limits.h> to <assert.h> if __STDC__ is defined, since
|     <limits.h> exists even on freestanding compilers.  */
| 
| #ifdef __STDC__
| # include <limits.h>
| #else
| # include <assert.h>
| #endif
| 
| #undef _stricmp
| 
| /* Override any GCC internal prototype to avoid an error.
|    Use char because int might match the return type of a GCC
|    builtin and then its argument prototype would still apply.  */
| #ifdef __cplusplus
| extern "C"
| #endif
| char _stricmp ();
| /* The GNU C library defines this for functions which it implements
|     to always fail with ENOSYS.  Some functions are actually named
|     something starting with __ and the normal name is an alias.  */
| #if defined __stub__stricmp || defined __stub____stricmp
| choke me
| #endif
| 
| int
| main ()
| {
| return _stricmp ();
|   ;
|   return 0;
| }
configure:5705: result: no
configure:5705: checking for strcmpi
configure:5705: gcc -o conftest -g -O2   conftest.c  >&5
Undefined symbols for architecture x86_64:
  "_strcmpi", referenced from:
      _main in conftest-0963a4.o
ld: symbol(s) not found for architecture x86_64
clang: error: linker command failed with exit code 1 (use -v to see invocation)
configure:5705: $? = 1
configure: failed program was:
| /* confdefs.h */
| #define PACKAGE_NAME "yasm"
| #define PACKAGE_TARNAME "yasm"
| #define PACKAGE_VERSION "1.2.0"
| #define PACKAGE_STRING "yasm 1.2.0"
| #define PACKAGE_BUGREPORT "bug-yasm@tortall.net"
| #define PACKAGE_URL ""
| #define PACKAGE "yasm"
| #define VERSION "1.2.0"
| #define STDC_HEADERS 1
| #define HAVE_SYS_TYPES_H 1
| #define HAVE_SYS_STAT_H 1
| #define HAVE_STDLIB_H 1
| #define HAVE_STRING_H 1
| #define HAVE_MEMORY_H 1
| #define HAVE_STRINGS_H 1
| #define HAVE_INTTYPES_H 1
| #define HAVE_STDINT_H 1
| #define HAVE_UNISTD_H 1
| #define HAVE_STRINGS_H 1
| #define HAVE_LIBGEN_H 1
| #define HAVE_UNISTD_H 1
| #define HAVE_SYS_STAT_H 1
| #define PROTOTYPES 1
| #define __PROTOTYPES 1
| #define HAVE_ABORT 1
| #define HAVE_TOASCII 1
| #define HAVE_VSNPRINTF 1
| #define HAVE_STRSEP 1
| #define HAVE_MERGESORT 1
| #define HAVE_GETCWD 1
| #define HAVE_POPEN 1
| #define HAVE_FTRUNCATE 1
| #define HAVE_STRCASECMP 1
| #define HAVE_STRNCASECMP 1
| /* end confdefs.h.  */
| /* Define strcmpi to an innocuous variant, in case <limits.h> declares strcmpi.
|    For example, HP-UX 11i <limits.h> declares gettimeofday.  */
| #define strcmpi innocuous_strcmpi
| 
| /* System header to define __stub macros and hopefully few prototypes,
|     which can conflict with char strcmpi (); below.
|     Prefer <limits.h> to <assert.h> if __STDC__ is defined, since
|     <limits.h> exists even on freestanding compilers.  */
| 
| #ifdef __STDC__
| # include <limits.h>
| #else
| # include <assert.h>
| #endif
| 
| #undef strcmpi
| 
| /* Override any GCC internal prototype to avoid an error.
|    Use char because int might match the return type of a GCC
|    builtin and then its argument prototype would still apply.  */
| #ifdef __cplusplus
| extern "C"
| #endif
| char strcmpi ();
| /* The GNU C library defines this for functions which it implements
|     to always fail with ENOSYS.  Some functions are actually named
|     something starting with __ and the normal name is an alias.  */
| #if defined __stub_strcmpi || defined __stub___strcmpi
| choke me
| #endif
| 
| int
| main ()
| {
| return strcmpi ();
|   ;
|   return 0;
| }
configure:5705: result: no
configure:5720: checking whether NLS is requested
configure:5729: result: yes
configure:5770: checking for msgfmt
configure:5805: result: no
configure:5811: checking for gmsgfmt
configure:5842: result: :
configure:5893: checking for xgettext
configure:5928: result: no
configure:5971: checking for msgmerge
configure:6005: result: no
configure:6039: checking build system type
configure:6053: result: x86_64-apple-darwin15.3.0
configure:6073: checking host system type
configure:6086: result: x86_64-apple-darwin15.3.0
configure:6130: checking for ld used by GCC
configure:6194: result: /Applications/Xcode.app/Contents/Developer/Toolchains/XcodeDefault.xctoolchain/usr/bin/ld
configure:6201: checking if the linker (/Applications/Xcode.app/Contents/Developer/Toolchains/XcodeDefault.xctoolchain/usr/bin/ld) is GNU ld
configure:6214: result: no
configure:6221: checking for shared library run path origin
configure:6234: result: done
configure:6735: checking for CFPreferencesCopyAppValue
configure:6753: gcc -o conftest -g -O2   conftest.c  -Wl,-framework -Wl,CoreFoundation >&5
configure:6753: $? = 0
configure:6762: result: yes
configure:6769: checking for CFLocaleCopyCurrent
configure:6787: gcc -o conftest -g -O2   conftest.c  -Wl,-framework -Wl,CoreFoundation >&5
configure:6787: $? = 0
configure:6796: result: yes
configure:6845: checking for GNU gettext in libc
configure:6865: gcc -o conftest -g -O2   conftest.c  >&5
conftest.c:39:10: fatal error: 'libintl.h' file not found
#include <libintl.h>
         ^
1 error generated.
configure:6865: $? = 1
configure: failed program was:
| /* confdefs.h */
| #define PACKAGE_NAME "yasm"
| #define PACKAGE_TARNAME "yasm"
| #define PACKAGE_VERSION "1.2.0"
| #define PACKAGE_STRING "yasm 1.2.0"
| #define PACKAGE_BUGREPORT "bug-yasm@tortall.net"
| #define PACKAGE_URL ""
| #define PACKAGE "yasm"
| #define VERSION "1.2.0"
| #define STDC_HEADERS 1
| #define HAVE_SYS_TYPES_H 1
| #define HAVE_SYS_STAT_H 1
| #define HAVE_STDLIB_H 1
| #define HAVE_STRING_H 1
| #define HAVE_MEMORY_H 1
| #define HAVE_STRINGS_H 1
| #define HAVE_INTTYPES_H 1
| #define HAVE_STDINT_H 1
| #define HAVE_UNISTD_H 1
| #define HAVE_STRINGS_H 1
| #define HAVE_LIBGEN_H 1
| #define HAVE_UNISTD_H 1
| #define HAVE_SYS_STAT_H 1
| #define PROTOTYPES 1
| #define __PROTOTYPES 1
| #define HAVE_ABORT 1
| #define HAVE_TOASCII 1
| #define HAVE_VSNPRINTF 1
| #define HAVE_STRSEP 1
| #define HAVE_MERGESORT 1
| #define HAVE_GETCWD 1
| #define HAVE_POPEN 1
| #define HAVE_FTRUNCATE 1
| #define HAVE_STRCASECMP 1
| #define HAVE_STRNCASECMP 1
| #define HAVE_CFPREFERENCESCOPYAPPVALUE 1
| #define HAVE_CFLOCALECOPYCURRENT 1
| /* end confdefs.h.  */
| #include <libintl.h>
| 
| extern int _nl_msg_cat_cntr;
| extern int *_nl_domain_bindings;
| int
| main ()
| {
| bindtextdomain ("", "");
| return * gettext ("") + _nl_msg_cat_cntr + *_nl_domain_bindings
|   ;
|   return 0;
| }
configure:6874: result: no
configure:6908: checking for iconv
configure:6930: gcc -o conftest -g -O2   conftest.c  >&5
Undefined symbols for architecture x86_64:
  "_iconv", referenced from:
      _main in conftest-a2b81b.o
  "_iconv_close", referenced from:
      _main in conftest-a2b81b.o
  "_iconv_open", referenced from:
      _main in conftest-a2b81b.o
ld: symbol(s) not found for architecture x86_64
clang: error: linker command failed with exit code 1 (use -v to see invocation)
configure:6930: $? = 1
configure: failed program was:
| /* confdefs.h */
| #define PACKAGE_NAME "yasm"
| #define PACKAGE_TARNAME "yasm"
| #define PACKAGE_VERSION "1.2.0"
| #define PACKAGE_STRING "yasm 1.2.0"
| #define PACKAGE_BUGREPORT "bug-yasm@tortall.net"
| #define PACKAGE_URL ""
| #define PACKAGE "yasm"
| #define VERSION "1.2.0"
| #define STDC_HEADERS 1
| #define HAVE_SYS_TYPES_H 1
| #define HAVE_SYS_STAT_H 1
| #define HAVE_STDLIB_H 1
| #define HAVE_STRING_H 1
| #define HAVE_MEMORY_H 1
| #define HAVE_STRINGS_H 1
| #define HAVE_INTTYPES_H 1
| #define HAVE_STDINT_H 1
| #define HAVE_UNISTD_H 1
| #define HAVE_STRINGS_H 1
| #define HAVE_LIBGEN_H 1
| #define HAVE_UNISTD_H 1
| #define HAVE_SYS_STAT_H 1
| #define PROTOTYPES 1
| #define __PROTOTYPES 1
| #define HAVE_ABORT 1
| #define HAVE_TOASCII 1
| #define HAVE_VSNPRINTF 1
| #define HAVE_STRSEP 1
| #define HAVE_MERGESORT 1
| #define HAVE_GETCWD 1
| #define HAVE_POPEN 1
| #define HAVE_FTRUNCATE 1
| #define HAVE_STRCASECMP 1
| #define HAVE_STRNCASECMP 1
| #define HAVE_CFPREFERENCESCOPYAPPVALUE 1
| #define HAVE_CFLOCALECOPYCURRENT 1
| /* end confdefs.h.  */
| #include <stdlib.h>
| #include <iconv.h>
| int
| main ()
| {
| iconv_t cd = iconv_open("","");
|        iconv(cd,NULL,NULL,NULL,NULL);
|        iconv_close(cd);
|   ;
|   return 0;
| }
configure:6952: gcc -o conftest -g -O2   conftest.c  -liconv >&5
configure:6952: $? = 0
configure:6962: result: yes
configure:6965: checking for working iconv
configure:7041: gcc -o conftest -g -O2   conftest.c  -liconv >&5
configure:7041: $? = 0
configure:7041: ./conftest
configure:7041: $? = 0
configure:7053: result: yes
configure:7068: checking how to link with libiconv
configure:7070: result: -liconv
configure:7516: checking for GNU gettext in libintl
configure:7544: gcc -o conftest -g -O2    conftest.c  -lintl >&5
conftest.c:40:10: fatal error: 'libintl.h' file not found
#include <libintl.h>
         ^
1 error generated.
configure:7544: $? = 1
configure: failed program was:
| /* confdefs.h */
| #define PACKAGE_NAME "yasm"
| #define PACKAGE_TARNAME "yasm"
| #define PACKAGE_VERSION "1.2.0"
| #define PACKAGE_STRING "yasm 1.2.0"
| #define PACKAGE_BUGREPORT "bug-yasm@tortall.net"
| #define PACKAGE_URL ""
| #define PACKAGE "yasm"
| #define VERSION "1.2.0"
| #define STDC_HEADERS 1
| #define HAVE_SYS_TYPES_H 1
| #define HAVE_SYS_STAT_H 1
| #define HAVE_STDLIB_H 1
| #define HAVE_STRING_H 1
| #define HAVE_MEMORY_H 1
| #define HAVE_STRINGS_H 1
| #define HAVE_INTTYPES_H 1
| #define HAVE_STDINT_H 1
| #define HAVE_UNISTD_H 1
| #define HAVE_STRINGS_H 1
| #define HAVE_LIBGEN_H 1
| #define HAVE_UNISTD_H 1
| #define HAVE_SYS_STAT_H 1
| #define PROTOTYPES 1
| #define __PROTOTYPES 1
| #define HAVE_ABORT 1
| #define HAVE_TOASCII 1
| #define HAVE_VSNPRINTF 1
| #define HAVE_STRSEP 1
| #define HAVE_MERGESORT 1
| #define HAVE_GETCWD 1
| #define HAVE_POPEN 1
| #define HAVE_FTRUNCATE 1
| #define HAVE_STRCASECMP 1
| #define HAVE_STRNCASECMP 1
| #define HAVE_CFPREFERENCESCOPYAPPVALUE 1
| #define HAVE_CFLOCALECOPYCURRENT 1
| #define HAVE_ICONV 1
| /* end confdefs.h.  */
| #include <libintl.h>
| 
| extern int _nl_msg_cat_cntr;
| extern
| #ifdef __cplusplus
| "C"
| #endif
| const char *_nl_expand_alias (const char *);
| int
| main ()
| {
| bindtextdomain ("", "");
| return * gettext ("") + _nl_msg_cat_cntr + *_nl_expand_alias ("")
|   ;
|   return 0;
| }
configure:7572: gcc -o conftest -g -O2    conftest.c  -lintl -liconv >&5
conftest.c:40:10: fatal error: 'libintl.h' file not found
#include <libintl.h>
         ^
1 error generated.
configure:7572: $? = 1
configure: failed program was:
| /* confdefs.h */
| #define PACKAGE_NAME "yasm"
| #define PACKAGE_TARNAME "yasm"
| #define PACKAGE_VERSION "1.2.0"
| #define PACKAGE_STRING "yasm 1.2.0"
| #define PACKAGE_BUGREPORT "bug-yasm@tortall.net"
| #define PACKAGE_URL ""
| #define PACKAGE "yasm"
| #define VERSION "1.2.0"
| #define STDC_HEADERS 1
| #define HAVE_SYS_TYPES_H 1
| #define HAVE_SYS_STAT_H 1
| #define HAVE_STDLIB_H 1
| #define HAVE_STRING_H 1
| #define HAVE_MEMORY_H 1
| #define HAVE_STRINGS_H 1
| #define HAVE_INTTYPES_H 1
| #define HAVE_STDINT_H 1
| #define HAVE_UNISTD_H 1
| #define HAVE_STRINGS_H 1
| #define HAVE_LIBGEN_H 1
| #define HAVE_UNISTD_H 1
| #define HAVE_SYS_STAT_H 1
| #define PROTOTYPES 1
| #define __PROTOTYPES 1
| #define HAVE_ABORT 1
| #define HAVE_TOASCII 1
| #define HAVE_VSNPRINTF 1
| #define HAVE_STRSEP 1
| #define HAVE_MERGESORT 1
| #define HAVE_GETCWD 1
| #define HAVE_POPEN 1
| #define HAVE_FTRUNCATE 1
| #define HAVE_STRCASECMP 1
| #define HAVE_STRNCASECMP 1
| #define HAVE_CFPREFERENCESCOPYAPPVALUE 1
| #define HAVE_CFLOCALECOPYCURRENT 1
| #define HAVE_ICONV 1
| /* end confdefs.h.  */
| #include <libintl.h>
| 
| extern int _nl_msg_cat_cntr;
| extern
| #ifdef __cplusplus
| "C"
| #endif
| const char *_nl_expand_alias (const char *);
| int
| main ()
| {
| bindtextdomain ("", "");
| return * gettext ("") + _nl_msg_cat_cntr + *_nl_expand_alias ("")
|   ;
|   return 0;
| }
configure:7585: result: no
configure:7620: checking whether to use NLS
configure:7622: result: no
configure:7702: checking for GNU C Library
conftest.c:40:10: fatal error: 'features.h' file not found
#include <features.h>
         ^
1 error generated.
configure:7724: result: no
configure:7838: Checking for Python
configure:7874: checking for a Python interpreter with version >= 2.4
configure:7891: python -c import sys # split strings by '.' and convert to numeric. Append some zeros # because we need at least 4 digits for the hex conversion. # map returns an iterator in Python 3.0 and a list in 2.x minver = list(map(int, '2.4'.split('.'))) + [0, 0, 0] minverhex = 0 # xrange is not present in Python 3.0 and range returns an iterator for i in list(range(0, 4)): minverhex = (minverhex << 8) + minver[i] sys.exit(sys.hexversion < minverhex)
configure:7894: $? = 0
configure:7900: result: python
configure:7908: checking for python
configure:7926: found /usr/bin/python
configure:7938: result: /usr/bin/python
configure:7957: checking for python version
configure:7964: result: 2.7
configure:7976: checking for python platform
configure:7983: result: darwin
configure:7990: checking for python script directory
configure:8018: result: ${prefix}/lib/python2.7/site-packages
configure:8027: checking for python extension module directory
configure:8055: result: ${exec_prefix}/lib/python2.7/site-packages
configure:8335: creating ./config.status

## ---------------------- ##
## Running config.status. ##
## ---------------------- ##

This file was extended by yasm config.status 1.2.0, which was
generated by GNU Autoconf 2.69.  Invocation command line was

  CONFIG_FILES    = 
  CONFIG_HEADERS  = 
  CONFIG_LINKS    = 
  CONFIG_COMMANDS = 
  $ ./config.status 

on kwinn

config.status:951: creating Makefile
config.status:951: creating po/Makefile.in
config.status:951: creating config.h
config.status:1132: config.h is unchanged
config.status:1180: executing depfiles commands
config.status:1180: executing libyasm-stdint.h commands
config.status:1283: creating libyasm-stdint.h : _YASM_LIBYASM_STDINT_H
config.status:1715: libyasm-stdint.h is unchanged
config.status:1180: executing po-directories commands

## ---------------- ##
## Cache variables. ##
## ---------------- ##

ac_cv_build=x86_64-apple-darwin15.3.0
ac_cv_c_compiler_gnu=yes
ac_cv_c_const=yes
ac_cv_c_inline=inline
ac_cv_env_CCLD_FOR_BUILD_set=
ac_cv_env_CCLD_FOR_BUILD_value=
ac_cv_env_CC_FOR_BUILD_set=
ac_cv_env_CC_FOR_BUILD_value=
ac_cv_env_CC_set=
ac_cv_env_CC_value=
ac_cv_env_CFLAGS_set=
ac_cv_env_CFLAGS_value=
ac_cv_env_CPPFLAGS_set=
ac_cv_env_CPPFLAGS_value=
ac_cv_env_CPP_FOR_HOST_set=
ac_cv_env_CPP_FOR_HOST_value=
ac_cv_env_CPP_set=
ac_cv_env_CPP_value=
ac_cv_env_LDFLAGS_set=
ac_cv_env_LDFLAGS_value=
ac_cv_env_LIBS_set=
ac_cv_env_LIBS_value=
ac_cv_env_PYTHON_set=
ac_cv_env_PYTHON_value=
ac_cv_env_build_alias_set=
ac_cv_env_build_alias_value=
ac_cv_env_host_alias_set=
ac_cv_env_host_alias_value=
ac_cv_env_target_alias_set=
ac_cv_env_target_alias_value=
ac_cv_func__stricmp=no
ac_cv_func_abort=yes
ac_cv_func_ftruncate=yes
ac_cv_func_getcwd=yes
ac_cv_func_mergesort=yes
ac_cv_func_popen=yes
ac_cv_func_strcasecmp=yes
ac_cv_func_strcmpi=no
ac_cv_func_stricmp=no
ac_cv_func_strncasecmp=yes
ac_cv_func_strsep=yes
ac_cv_func_toascii=yes
ac_cv_func_vsnprintf=yes
ac_cv_header_direct_h=no
ac_cv_header_inttypes_h=yes
ac_cv_header_libgen_h=yes
ac_cv_header_memory_h=yes
ac_cv_header_stdc=yes
ac_cv_header_stdint=stdint.h
ac_cv_header_stdint_h=yes
ac_cv_header_stdint_t=stdint.h
ac_cv_header_stdlib_h=yes
ac_cv_header_string_h=yes
ac_cv_header_strings_h=yes
ac_cv_header_sys_stat_h=yes
ac_cv_header_sys_types_h=yes
ac_cv_header_unistd_h=yes
ac_cv_host=x86_64-apple-darwin15.3.0
ac_cv_objext=o
ac_cv_path_EGREP='/usr/bin/grep -E'
ac_cv_path_GMSGFMT=:
ac_cv_path_GREP=/usr/bin/grep
ac_cv_path_MSGFMT=:
ac_cv_path_MSGMERGE=:
ac_cv_path_PYTHON=/usr/bin/python
ac_cv_path_XGETTEXT=:
ac_cv_path_install='/usr/bin/install -c'
ac_cv_prog_AWK=awk
ac_cv_prog_CPP='gcc -E'
ac_cv_prog_ac_ct_AR=ar
ac_cv_prog_ac_ct_CC=gcc
ac_cv_prog_ac_ct_RANLIB=ranlib
ac_cv_prog_cc_c89=
ac_cv_prog_cc_c99=
ac_cv_prog_cc_g=yes
ac_cv_prog_cc_stdc=
ac_cv_prog_make_make_set=yes
ac_cv_stdint_message='using gcc'
ac_cv_stdint_result='(assuming C99 compatible system)'
ac_cv_type_size_t=yes
acl_cv_hardcode_direct=no
acl_cv_hardcode_libdir_flag_spec=
acl_cv_hardcode_libdir_separator=
acl_cv_hardcode_minus_L=no
acl_cv_libext=a
acl_cv_libname_spec='lib$name'
acl_cv_library_names_spec='$libname$shrext'
acl_cv_path_LD=/Applications/Xcode.app/Contents/Developer/Toolchains/XcodeDefault.xctoolchain/usr/bin/ld
acl_cv_prog_gnu_ld=no
acl_cv_rpath=done
acl_cv_shlibext=dylib
acl_cv_wl=-Wl,
am_cv_CC_dependencies_compiler_type=gcc3
am_cv_func_iconv=yes
am_cv_func_iconv_works=yes
am_cv_lib_iconv=yes
am_cv_pathless_PYTHON=python
am_cv_python_platform=darwin
am_cv_python_pyexecdir='${exec_prefix}/lib/python2.7/site-packages'
am_cv_python_pythondir='${prefix}/lib/python2.7/site-packages'
am_cv_python_version=2.7
gt_cv_func_CFLocaleCopyCurrent=yes
gt_cv_func_CFPreferencesCopyAppValue=yes
gt_cv_func_gnugettext1_libc=no
gt_cv_func_gnugettext1_libintl=no
yasm_cv_header_gnulib=no

## ----------------- ##
## Output variables. ##
## ----------------- ##

ACLOCAL='${SHELL} /Users/kwinner/Work/c/MPPGF/MPPGF/mpir-2.7.2/yasm/config/missing --run aclocal-1.11'
AMDEPBACKSLASH='\'
AMDEP_FALSE='#'
AMDEP_TRUE=''
AMTAR='$${TAR-tar}'
AR='ar'
ARCH='x86'
AUTOCONF='${SHELL} /Users/kwinner/Work/c/MPPGF/MPPGF/mpir-2.7.2/yasm/config/missing --run autoconf'
AUTOHEADER='${SHELL} /Users/kwinner/Work/c/MPPGF/MPPGF/mpir-2.7.2/yasm/config/missing --run autoheader'
AUTOMAKE='${SHELL} /Users/kwinner/Work/c/MPPGF/MPPGF/mpir-2.7.2/yasm/config/missing --run automake-1.11'
AWK='awk'
BUILD_MAN_FALSE=''
BUILD_MAN_TRUE='#'
CC='gcc'
CCDEPMODE='depmode=gcc3'
CCLD_FOR_BUILD='$(CC)'
CC_FOR_BUILD='$(CC)'
CFLAGS='-g -O2'
CPP='gcc -E'
CPPFLAGS=''
CPP_FOR_HOST=''
CYGPATH_W='echo'
DEFS='-DHAVE_CONFIG_H'
DEPDIR='.deps'
ECHO_C='\c'
ECHO_N=''
ECHO_T=''
EGREP='/usr/bin/grep -E'
EXEEXT=''
GCC='yes'
GETTEXT_MACRO_VERSION='0.17'
GMSGFMT=':'
GMSGFMT_015=':'
GREP='/usr/bin/grep'
HAVE_PYTHON_BINDINGS_FALSE=''
HAVE_PYTHON_BINDINGS_TRUE='#'
HAVE_PYTHON_FALSE='#'
HAVE_PYTHON_TRUE=''
INSTALL_DATA='${INSTALL} -m 644'
INSTALL_PROGRAM='${INSTALL}'
INSTALL_SCRIPT='${INSTALL}'
INSTALL_STRIP_PROGRAM='$(install_sh) -c -s'
INTLLIBS=''
INTL_MACOSX_LIBS='-Wl,-framework -Wl,CoreFoundation'
LDFLAGS=''
LIBICONV='-liconv'
LIBINTL=''
LIBOBJS=''
LIBS=''
LN_S='ln -s'
LTLIBICONV='-liconv'
LTLIBINTL=''
LTLIBOBJS=''
MAINT='#'
MAINTAINER_MODE_FALSE=''
MAINTAINER_MODE_TRUE='#'
MAKEINFO='${SHELL} /Users/kwinner/Work/c/MPPGF/MPPGF/mpir-2.7.2/yasm/config/missing --run makeinfo'
MKDIR_P='config/install-sh -c -d'
MORE_CFLAGS=''
MSGFMT=':'
MSGFMT_015=':'
MSGMERGE=':'
OBJEXT='o'
PACKAGE='yasm'
PACKAGE_BUGREPORT='bug-yasm@tortall.net'
PACKAGE_NAME='yasm'
PACKAGE_STRING='yasm 1.2.0'
PACKAGE_TARNAME='yasm'
PACKAGE_URL=''
PACKAGE_VERSION='1.2.0'
PATH_SEPARATOR=':'
POSUB=''
PYTHON='/usr/bin/python'
PYTHON_EXEC_PREFIX='${exec_prefix}'
PYTHON_INCLUDES=''
PYTHON_PLATFORM='darwin'
PYTHON_PREFIX='${prefix}'
PYTHON_VERSION='2.7'
RANLIB='ranlib'
SET_MAKE=''
SHELL='/bin/sh'
STRIP=''
USE_NLS='no'
VERSION='1.2.0'
XGETTEXT=':'
XGETTEXT_015=':'
XGETTEXT_EXTRA_OPTIONS=''
XMLTO=':'
ac_ct_AR='ar'
ac_ct_CC='gcc'
am__EXEEXT_FALSE=''
am__EXEEXT_TRUE='#'
am__fastdepCC_FALSE='#'
am__fastdepCC_TRUE=''
am__include='include'
am__isrc=''
am__leading_dot='.'
am__nodep='_no'
am__quote=''
am__tar='$${TAR-tar} chof - "$$tardir"'
am__untar='$${TAR-tar} xf -'
bindir='${exec_prefix}/bin'
build='x86_64-apple-darwin15.3.0'
build_alias=''
build_cpu='x86_64'
build_os='darwin15.3.0'
build_vendor='apple'
datadir='${datarootdir}'
datarootdir='${prefix}/share'
docdir='${datarootdir}/doc/${PACKAGE_TARNAME}'
dvidir='${docdir}'
exec_prefix='${prefix}'
host='x86_64-apple-darwin15.3.0'
host_alias=''
host_cpu='x86_64'
host_os='darwin15.3.0'
host_vendor='apple'
htmldir='${docdir}'
includedir='${prefix}/include'
infodir='${datarootdir}/info'
install_sh='${SHELL} /Users/kwinner/Work/c/MPPGF/MPPGF/mpir-2.7.2/yasm/config/install-sh'
libdir='${exec_prefix}/lib'
libexecdir='${exec_prefix}/libexec'
localedir='${datarootdir}/locale'
localstatedir='${prefix}/var'
mandir='${datarootdir}/man'
mkdir_p='$(top_builddir)/config/install-sh -c -d'
oldincludedir='/usr/include'
pdfdir='${docdir}'
pkgpyexecdir='${pyexecdir}/yasm'
pkgpythondir='${pythondir}/yasm'
prefix='/usr/local'
program_transform_name='s,x,x,'
psdir='${docdir}'
pyexecdir='${exec_prefix}/lib/python2.7/site-packages'
pythondir='${prefix}/lib/python2.7/site-packages'
sbindir='${exec_prefix}/sbin'
sharedstatedir='${prefix}/com'
sysconfdir='${prefix}/etc'
target_alias=''

## ----------- ##
## confdefs.h. ##
## ----------- ##

/* confdefs.h */
#define PACKAGE_NAME "yasm"
#define PACKAGE_TARNAME "yasm"
#define PACKAGE_VERSION "1.2.0"
#define PACKAGE_STRING "yasm 1.2.0"
#define PACKAGE_BUGREPORT "bug-yasm@tortall.net"
#define PACKAGE_URL ""
#define PACKAGE "yasm"
#define VERSION "1.2.0"
#define STDC_HEADERS 1
#define HAVE_SYS_TYPES_H 1
#define HAVE_SYS_STAT_H 1
#define HAVE_STDLIB_H 1
#define HAVE_STRING_H 1
#define HAVE_MEMORY_H 1
#define HAVE_STRINGS_H 1
#define HAVE_INTTYPES_H 1
#define HAVE_STDINT_H 1
#define HAVE_UNISTD_H 1
#define HAVE_STRINGS_H 1
#define HAVE_LIBGEN_H 1
#define HAVE_UNISTD_H 1
#define HAVE_SYS_STAT_H 1
#define PROTOTYPES 1
#define __PROTOTYPES 1
#define HAVE_ABORT 1
#define HAVE_TOASCII 1
#define HAVE_VSNPRINTF 1
#define HAVE_STRSEP 1
#define HAVE_MERGESORT 1
#define HAVE_GETCWD 1
#define HAVE_POPEN 1
#define HAVE_FTRUNCATE 1
#define HAVE_STRCASECMP 1
#define HAVE_STRNCASECMP 1
#define HAVE_CFPREFERENCESCOPYAPPVALUE 1
#define HAVE_CFLOCALECOPYCURRENT 1
#define HAVE_ICONV 1
#define CPP_PROG "cc -E"

configure: exit 0
